Symfony\Component\DependencyInjection\Compiler\ResolveDefinitionTemplatesPass: Resolving inheritance for "cache.app" (parent: cache.adapter.filesystem).
Symfony\Component\DependencyInjection\Compiler\ResolveDefinitionTemplatesPass: Resolving inheritance for "cache.system" (parent: cache.adapter.system).
Symfony\Component\DependencyInjection\Compiler\ResolveDefinitionTemplatesPass: Resolving inheritance for "cache.validator" (parent: cache.system).
Symfony\Component\DependencyInjection\Compiler\ResolveDefinitionTemplatesPass: Resolving inheritance for "cache.serializer" (parent: cache.system).
Symfony\Component\DependencyInjection\Compiler\ResolveDefinitionTemplatesPass: Resolving inheritance for "cache.annotations" (parent: cache.system).
Symfony\Component\DependencyInjection\Compiler\ResolveDefinitionTemplatesPass: Resolving inheritance for "monolog.logger" (parent: monolog.logger_prototype).
Symfony\Component\DependencyInjection\Compiler\ResolveDefinitionTemplatesPass: Resolving inheritance for "swiftmailer.mailer.default.transport.eventdispatcher" (parent: swiftmailer.transport.eventdispatcher.abstract).
Symfony\Component\DependencyInjection\Compiler\ResolveDefinitionTemplatesPass: Resolving inheritance for "swiftmailer.mailer.default.transport.authhandler" (parent: swiftmailer.transport.authhandler.abstract).
Symfony\Component\DependencyInjection\Compiler\ResolveDefinitionTemplatesPass: Resolving inheritance for "swiftmailer.mailer.default.transport.buffer" (parent: swiftmailer.transport.buffer.abstract).
Symfony\Component\DependencyInjection\Compiler\ResolveDefinitionTemplatesPass: Resolving inheritance for "swiftmailer.transport.configurator.default" (parent: swiftmailer.transport.smtp.configurator.abstract).
Symfony\Component\DependencyInjection\Compiler\ResolveDefinitionTemplatesPass: Resolving inheritance for "swiftmailer.mailer.default.transport.smtp" (parent: swiftmailer.transport.smtp.abstract).
Symfony\Component\DependencyInjection\Compiler\ResolveDefinitionTemplatesPass: Resolving inheritance for "swiftmailer.mailer.default" (parent: swiftmailer.mailer.abstract).
Symfony\Component\DependencyInjection\Compiler\ResolveDefinitionTemplatesPass: Resolving inheritance for "swiftmailer.mailer.default.plugin.messagelogger" (parent: swiftmailer.plugin.messagelogger.abstract).
Symfony\Component\DependencyInjection\Compiler\ResolveDefinitionTemplatesPass: Resolving inheritance for "monolog.logger.request" (parent: monolog.logger_prototype).
Symfony\Component\DependencyInjection\Compiler\ResolveDefinitionTemplatesPass: Resolving inheritance for "monolog.logger.cache" (parent: monolog.logger_prototype).
Symfony\Component\DependencyInjection\Compiler\ResolveDefinitionTemplatesPass: Resolving inheritance for "monolog.logger.translation" (parent: monolog.logger_prototype).
Symfony\Component\DependencyInjection\Compiler\ResolveDefinitionTemplatesPass: Resolving inheritance for "monolog.logger.profiler" (parent: monolog.logger_prototype).
Symfony\Component\DependencyInjection\Compiler\ResolveDefinitionTemplatesPass: Resolving inheritance for "monolog.logger.php" (parent: monolog.logger_prototype).
Symfony\Component\DependencyInjection\Compiler\ResolveDefinitionTemplatesPass: Resolving inheritance for "monolog.logger.event" (parent: monolog.logger_prototype).
Symfony\Component\DependencyInjection\Compiler\ResolveDefinitionTemplatesPass: Resolving inheritance for "monolog.logger.router" (parent: monolog.logger_prototype).
Symfony\Component\DependencyInjection\Compiler\RemovePrivateAliasesPass: Removed service "cache.default_redis_provider"; reason: private alias.
Symfony\Component\DependencyInjection\Compiler\RemovePrivateAliasesPass: Removed service "twig.loader.filesystem"; reason: private alias.
Symfony\Component\DependencyInjection\Compiler\RemovePrivateAliasesPass: Removed service "controller_resolver"; reason: private alias.
Symfony\Component\DependencyInjection\Compiler\RemovePrivateAliasesPass: Removed service "argument_resolver"; reason: private alias.
Symfony\Component\DependencyInjection\Compiler\ReplaceAliasByActualDefinitionPass: Changed reference of service "locale_listener" previously pointing to "router.default" to "router".
Symfony\Component\DependencyInjection\Compiler\ReplaceAliasByActualDefinitionPass: Changed reference of service "router.cache_warmer" previously pointing to "router.default" to "router".
Symfony\Component\DependencyInjection\Compiler\ReplaceAliasByActualDefinitionPass: Changed reference of service "router_listener" previously pointing to "router.default" to "router".
Symfony\Component\DependencyInjection\Compiler\ReplaceAliasByActualDefinitionPass: Changed reference of service "twig" previously pointing to "twig.loader.native_filesystem" to "twig.loader".
Symfony\Component\DependencyInjection\Compiler\ReplaceAliasByActualDefinitionPass: Changed reference of service "twig.extension.routing" previously pointing to "router.default" to "router".
Symfony\Component\DependencyInjection\Compiler\ReplaceAliasByActualDefinitionPass: Changed reference of service "twig.runtime_loader" previously pointing to "monolog.logger" to "logger".
Symfony\Component\DependencyInjection\Compiler\ReplaceAliasByActualDefinitionPass: Changed reference of service "swiftmailer.email_sender.listener" previously pointing to "monolog.logger" to "logger".
Symfony\Component\DependencyInjection\Compiler\ReplaceAliasByActualDefinitionPass: Changed reference of service "swiftmailer.mailer.default" previously pointing to "swiftmailer.mailer.default.transport.smtp" to "swiftmailer.mailer.default.transport".
Symfony\Component\DependencyInjection\Compiler\ReplaceAliasByActualDefinitionPass: Changed reference of service "knp_paginator.helper.processor" previously pointing to "router.default" to "router".
Symfony\Component\DependencyInjection\Compiler\ReplaceAliasByActualDefinitionPass: Changed reference of service "web_profiler.controller.profiler" previously pointing to "router.default" to "router".
Symfony\Component\DependencyInjection\Compiler\ReplaceAliasByActualDefinitionPass: Changed reference of service "web_profiler.controller.router" previously pointing to "router.default" to "router".
Symfony\Component\DependencyInjection\Compiler\ReplaceAliasByActualDefinitionPass: Changed reference of service "web_profiler.debug_toolbar" previously pointing to "router.default" to "router".
Symfony\Component\DependencyInjection\Compiler\RemoveAbstractDefinitionsPass: Removed service "cache.adapter.system"; reason: abstract.
Symfony\Component\DependencyInjection\Compiler\RemoveAbstractDefinitionsPass: Removed service "cache.adapter.apcu"; reason: abstract.
Symfony\Component\DependencyInjection\Compiler\RemoveAbstractDefinitionsPass: Removed service "cache.adapter.doctrine"; reason: abstract.
Symfony\Component\DependencyInjection\Compiler\RemoveAbstractDefinitionsPass: Removed service "cache.adapter.filesystem"; reason: abstract.
Symfony\Component\DependencyInjection\Compiler\RemoveAbstractDefinitionsPass: Removed service "cache.adapter.psr6"; reason: abstract.
Symfony\Component\DependencyInjection\Compiler\RemoveAbstractDefinitionsPass: Removed service "cache.adapter.redis"; reason: abstract.
Symfony\Component\DependencyInjection\Compiler\RemoveAbstractDefinitionsPass: Removed service "monolog.logger_prototype"; reason: abstract.
Symfony\Component\DependencyInjection\Compiler\RemoveAbstractDefinitionsPass: Removed service "swiftmailer.mailer.abstract"; reason: abstract.
Symfony\Component\DependencyInjection\Compiler\RemoveAbstractDefinitionsPass: Removed service "swiftmailer.transport.smtp.configurator.abstract"; reason: abstract.
Symfony\Component\DependencyInjection\Compiler\RemoveAbstractDefinitionsPass: Removed service "swiftmailer.transport.sendmail.abstract"; reason: abstract.
Symfony\Component\DependencyInjection\Compiler\RemoveAbstractDefinitionsPass: Removed service "swiftmailer.transport.mail.abstract"; reason: abstract.
Symfony\Component\DependencyInjection\Compiler\RemoveAbstractDefinitionsPass: Removed service "swiftmailer.transport.null.abstract"; reason: abstract.
Symfony\Component\DependencyInjection\Compiler\RemoveAbstractDefinitionsPass: Removed service "swiftmailer.transport.buffer.abstract"; reason: abstract.
Symfony\Component\DependencyInjection\Compiler\RemoveAbstractDefinitionsPass: Removed service "swiftmailer.transport.authhandler.abstract"; reason: abstract.
Symfony\Component\DependencyInjection\Compiler\RemoveAbstractDefinitionsPass: Removed service "swiftmailer.transport.eventdispatcher.abstract"; reason: abstract.
Symfony\Component\DependencyInjection\Compiler\RemoveAbstractDefinitionsPass: Removed service "swiftmailer.plugin.redirecting.abstract"; reason: abstract.
Symfony\Component\DependencyInjection\Compiler\RemoveAbstractDefinitionsPass: Removed service "swiftmailer.plugin.antiflood.abstract"; reason: abstract.
Symfony\Component\DependencyInjection\Compiler\RemoveAbstractDefinitionsPass: Removed service "swiftmailer.plugin.impersonate.abstract"; reason: abstract.
Symfony\Component\DependencyInjection\Compiler\RemoveAbstractDefinitionsPass: Removed service "swiftmailer.plugin.messagelogger.abstract"; reason: abstract.
Symfony\Component\DependencyInjection\Compiler\RemoveAbstractDefinitionsPass: Removed service "swiftmailer.transport.smtp.abstract"; reason: abstract.
Symfony\Component\DependencyInjection\Compiler\RemoveAbstractDefinitionsPass: Removed service "swiftmailer.transport.spool.abstract"; reason: abstract.
Symfony\Component\DependencyInjection\Compiler\RemoveAbstractDefinitionsPass: Removed service "swiftmailer.spool.file.abstract"; reason: abstract.
Symfony\Component\DependencyInjection\Compiler\RemoveAbstractDefinitionsPass: Removed service "swiftmailer.spool.memory.abstract"; reason: abstract.
Symfony\Component\DependencyInjection\Compiler\RemoveAbstractDefinitionsPass: Removed service "doctrine_cache.abstract.apc"; reason: abstract.
Symfony\Component\DependencyInjection\Compiler\RemoveAbstractDefinitionsPass: Removed service "doctrine_cache.abstract.apcu"; reason: abstract.
Symfony\Component\DependencyInjection\Compiler\RemoveAbstractDefinitionsPass: Removed service "doctrine_cache.abstract.array"; reason: abstract.
Symfony\Component\DependencyInjection\Compiler\RemoveAbstractDefinitionsPass: Removed service "doctrine_cache.abstract.chain"; reason: abstract.
Symfony\Component\DependencyInjection\Compiler\RemoveAbstractDefinitionsPass: Removed service "doctrine_cache.abstract.couchbase"; reason: abstract.
Symfony\Component\DependencyInjection\Compiler\RemoveAbstractDefinitionsPass: Removed service "doctrine_cache.abstract.file_system"; reason: abstract.
Symfony\Component\DependencyInjection\Compiler\RemoveAbstractDefinitionsPass: Removed service "doctrine_cache.abstract.php_file"; reason: abstract.
Symfony\Component\DependencyInjection\Compiler\RemoveAbstractDefinitionsPass: Removed service "doctrine_cache.abstract.memcache"; reason: abstract.
Symfony\Component\DependencyInjection\Compiler\RemoveAbstractDefinitionsPass: Removed service "doctrine_cache.abstract.memcached"; reason: abstract.
Symfony\Component\DependencyInjection\Compiler\RemoveAbstractDefinitionsPass: Removed service "doctrine_cache.abstract.mongodb"; reason: abstract.
Symfony\Component\DependencyInjection\Compiler\RemoveAbstractDefinitionsPass: Removed service "doctrine_cache.abstract.redis"; reason: abstract.
Symfony\Component\DependencyInjection\Compiler\RemoveAbstractDefinitionsPass: Removed service "doctrine_cache.abstract.predis"; reason: abstract.
Symfony\Component\DependencyInjection\Compiler\RemoveAbstractDefinitionsPass: Removed service "doctrine_cache.abstract.riak"; reason: abstract.
Symfony\Component\DependencyInjection\Compiler\RemoveAbstractDefinitionsPass: Removed service "doctrine_cache.abstract.sqlite3"; reason: abstract.
Symfony\Component\DependencyInjection\Compiler\RemoveAbstractDefinitionsPass: Removed service "doctrine_cache.abstract.void"; reason: abstract.
Symfony\Component\DependencyInjection\Compiler\RemoveAbstractDefinitionsPass: Removed service "doctrine_cache.abstract.wincache"; reason: abstract.
Symfony\Component\DependencyInjection\Compiler\RemoveAbstractDefinitionsPass: Removed service "doctrine_cache.abstract.xcache"; reason: abstract.
Symfony\Component\DependencyInjection\Compiler\RemoveAbstractDefinitionsPass: Removed service "doctrine_cache.abstract.zenddata"; reason: abstract.
Symfony\Component\DependencyInjection\Compiler\InlineServiceDefinitionsPass: Inlined service "translation.warmer" to "cache_warmer".
Symfony\Component\DependencyInjection\Compiler\InlineServiceDefinitionsPass: Inlined service "router.cache_warmer" to "cache_warmer".
Symfony\Component\DependencyInjection\Compiler\InlineServiceDefinitionsPass: Inlined service "annotations.cache_warmer" to "cache_warmer".
Symfony\Component\DependencyInjection\Compiler\InlineServiceDefinitionsPass: Inlined service "twig.cache_warmer" to "cache_warmer".
Symfony\Component\DependencyInjection\Compiler\InlineServiceDefinitionsPass: Inlined service "twig.template_cache_warmer" to "cache_warmer".
Symfony\Component\DependencyInjection\Compiler\InlineServiceDefinitionsPass: Inlined service "db002ca1205772622f5b01d0ca9cd7495c09272e3274fe4b713df8e9c55f131d_1" to "config_cache_factory".
Symfony\Component\DependencyInjection\Compiler\InlineServiceDefinitionsPass: Inlined service "cache.property_access" to "property_accessor".
Symfony\Component\DependencyInjection\Compiler\InlineServiceDefinitionsPass: Inlined service "profiler.storage" to "profiler".
Symfony\Component\DependencyInjection\Compiler\InlineServiceDefinitionsPass: Inlined service "data_collector.time" to "profiler".
Symfony\Component\DependencyInjection\Compiler\InlineServiceDefinitionsPass: Inlined service "data_collector.memory" to "profiler".
Symfony\Component\DependencyInjection\Compiler\InlineServiceDefinitionsPass: Inlined service "data_collector.ajax" to "profiler".
Symfony\Component\DependencyInjection\Compiler\InlineServiceDefinitionsPass: Inlined service "data_collector.exception" to "profiler".
Symfony\Component\DependencyInjection\Compiler\InlineServiceDefinitionsPass: Inlined service "data_collector.logger" to "profiler".
Symfony\Component\DependencyInjection\Compiler\InlineServiceDefinitionsPass: Inlined service "data_collector.events" to "profiler".
Symfony\Component\DependencyInjection\Compiler\InlineServiceDefinitionsPass: Inlined service "data_collector.twig" to "profiler".
Symfony\Component\DependencyInjection\Compiler\InlineServiceDefinitionsPass: Inlined service "swiftmailer.data_collector" to "profiler".
Symfony\Component\DependencyInjection\Compiler\InlineServiceDefinitionsPass: Inlined service "data_collector.config" to "profiler".
Symfony\Component\DependencyInjection\Compiler\InlineServiceDefinitionsPass: Inlined service "debug.event_dispatcher.parent" to "debug.event_dispatcher".
Symfony\Component\DependencyInjection\Compiler\InlineServiceDefinitionsPass: Inlined service "debug.controller_resolver.inner" to "debug.controller_resolver".
Symfony\Component\DependencyInjection\Compiler\InlineServiceDefinitionsPass: Inlined service "debug.argument_resolver.inner" to "debug.argument_resolver".
Symfony\Component\DependencyInjection\Compiler\InlineServiceDefinitionsPass: Inlined service "routing.loader.xml" to "routing.resolver".
Symfony\Component\DependencyInjection\Compiler\InlineServiceDefinitionsPass: Inlined service "routing.loader.yml" to "routing.resolver".
Symfony\Component\DependencyInjection\Compiler\InlineServiceDefinitionsPass: Inlined service "routing.loader.php" to "routing.resolver".
Symfony\Component\DependencyInjection\Compiler\InlineServiceDefinitionsPass: Inlined service "routing.loader.directory" to "routing.resolver".
Symfony\Component\DependencyInjection\Compiler\InlineServiceDefinitionsPass: Inlined service "routing.loader.service" to "routing.resolver".
Symfony\Component\DependencyInjection\Compiler\InlineServiceDefinitionsPass: Inlined service "routing.resolver" to "routing.loader".
Symfony\Component\DependencyInjection\Compiler\InlineServiceDefinitionsPass: Inlined service "7d849f71e29d20c90e2062e8fc2433de2e650c83640c027f128c0d9176184a14_2" to "annotations.cache".
Symfony\Component\DependencyInjection\Compiler\InlineServiceDefinitionsPass: Inlined service "twig.extension.profiler" to "twig".
Symfony\Component\DependencyInjection\Compiler\InlineServiceDefinitionsPass: Inlined service "twig.extension.trans" to "twig".
Symfony\Component\DependencyInjection\Compiler\InlineServiceDefinitionsPass: Inlined service "twig.extension.code" to "twig".
Symfony\Component\DependencyInjection\Compiler\InlineServiceDefinitionsPass: Inlined service "twig.extension.routing" to "twig".
Symfony\Component\DependencyInjection\Compiler\InlineServiceDefinitionsPass: Inlined service "twig.extension.yaml" to "twig".
Symfony\Component\DependencyInjection\Compiler\InlineServiceDefinitionsPass: Inlined service "twig.extension.debug.stopwatch" to "twig".
Symfony\Component\DependencyInjection\Compiler\InlineServiceDefinitionsPass: Inlined service "twig.extension.expression" to "twig".
Symfony\Component\DependencyInjection\Compiler\InlineServiceDefinitionsPass: Inlined service "twig.extension.httpkernel" to "twig".
Symfony\Component\DependencyInjection\Compiler\InlineServiceDefinitionsPass: Inlined service "twig.extension.httpfoundation" to "twig".
Symfony\Component\DependencyInjection\Compiler\InlineServiceDefinitionsPass: Inlined service "twig.extension.debug" to "twig".
Symfony\Component\DependencyInjection\Compiler\InlineServiceDefinitionsPass: Inlined service "twig.extension.dump" to "twig".
Symfony\Component\DependencyInjection\Compiler\InlineServiceDefinitionsPass: Inlined service "twig.extension.webprofiler" to "twig".
Symfony\Component\DependencyInjection\Compiler\InlineServiceDefinitionsPass: Inlined service "twig.app_variable" to "twig".
Symfony\Component\DependencyInjection\Compiler\InlineServiceDefinitionsPass: Inlined service "twig.runtime_loader" to "twig".
Symfony\Component\DependencyInjection\Compiler\InlineServiceDefinitionsPass: Inlined service "twig.configurator.environment" to "twig".
Symfony\Component\DependencyInjection\Compiler\InlineServiceDefinitionsPass: Inlined service "twig.template_iterator" to "twig.template_cache_warmer".
Symfony\Component\DependencyInjection\Compiler\InlineServiceDefinitionsPass: Inlined service "twig.form.engine" to "twig.form.renderer".
Symfony\Component\DependencyInjection\Compiler\InlineServiceDefinitionsPass: Inlined service "e53d8974f28f137b5b7a34af3fa877bd836a4fb8c6b5f34d5c309750061a8103_1" to "swiftmailer.mailer.default.transport.authhandler".
Symfony\Component\DependencyInjection\Compiler\InlineServiceDefinitionsPass: Inlined service "e53d8974f28f137b5b7a34af3fa877bd836a4fb8c6b5f34d5c309750061a8103_2" to "swiftmailer.mailer.default.transport.authhandler".
Symfony\Component\DependencyInjection\Compiler\InlineServiceDefinitionsPass: Inlined service "e53d8974f28f137b5b7a34af3fa877bd836a4fb8c6b5f34d5c309750061a8103_3" to "swiftmailer.mailer.default.transport.authhandler".
Symfony\Component\DependencyInjection\Compiler\InlineServiceDefinitionsPass: Inlined service "swiftmailer.transport.replacementfactory" to "swiftmailer.mailer.default.transport.buffer".
Symfony\Component\DependencyInjection\Compiler\InlineServiceDefinitionsPass: Inlined service "var_dumper.html_dumper" to "twig.extension.dump".
Symfony\Component\DependencyInjection\Compiler\InlineServiceDefinitionsPass: Inlined service "ec29b8552f8353e0aeb9d98aac31f4e6460d4db92b1f0b481af15c790f4107d0_1" to "web_profiler.csp.handler".
Symfony\Component\DependencyInjection\Compiler\InlineServiceDefinitionsPass: Inlined service "ec29b8552f8353e0aeb9d98aac31f4e6460d4db92b1f0b481af15c790f4107d0_2" to "twig.extension.webprofiler".
Symfony\Component\DependencyInjection\Compiler\InlineServiceDefinitionsPass: Inlined service "argument_metadata_factory" to "debug.argument_resolver.inner".
Symfony\Component\DependencyInjection\Compiler\InlineServiceDefinitionsPass: Inlined service "argument_resolver.request_attribute" to "debug.argument_resolver.inner".
Symfony\Component\DependencyInjection\Compiler\InlineServiceDefinitionsPass: Inlined service "argument_resolver.request" to "debug.argument_resolver.inner".
Symfony\Component\DependencyInjection\Compiler\InlineServiceDefinitionsPass: Inlined service "argument_resolver.default" to "debug.argument_resolver.inner".
Symfony\Component\DependencyInjection\Compiler\InlineServiceDefinitionsPass: Inlined service "argument_resolver.variadic" to "debug.argument_resolver.inner".
Symfony\Component\DependencyInjection\Compiler\InlineServiceDefinitionsPass: Inlined service "annotations.cache" to "annotation_reader".
Symfony\Component\DependencyInjection\Compiler\InlineServiceDefinitionsPass: Inlined service "swiftmailer.mailer.default.transport.buffer" to "swiftmailer.mailer.default.transport".
Symfony\Component\DependencyInjection\Compiler\InlineServiceDefinitionsPass: Inlined service "swiftmailer.mailer.default.transport.authhandler" to "swiftmailer.mailer.default.transport".
Symfony\Component\DependencyInjection\Compiler\InlineServiceDefinitionsPass: Inlined service "swiftmailer.mailer.default.transport.eventdispatcher" to "swiftmailer.mailer.default.transport".
Symfony\Component\DependencyInjection\Compiler\InlineServiceDefinitionsPass: Inlined service "swiftmailer.transport.configurator.default" to "swiftmailer.mailer.default.transport".
Symfony\Component\DependencyInjection\Compiler\RemoveUnusedDefinitionsPass: Removed service "argument_metadata_factory"; reason: unused.
Symfony\Component\DependencyInjection\Compiler\RemoveUnusedDefinitionsPass: Removed service "argument_resolver.request_attribute"; reason: unused.
Symfony\Component\DependencyInjection\Compiler\RemoveUnusedDefinitionsPass: Removed service "argument_resolver.request"; reason: unused.
Symfony\Component\DependencyInjection\Compiler\RemoveUnusedDefinitionsPass: Removed service "argument_resolver.default"; reason: unused.
Symfony\Component\DependencyInjection\Compiler\RemoveUnusedDefinitionsPass: Removed service "argument_resolver.variadic"; reason: unused.
Symfony\Component\DependencyInjection\Compiler\RemoveUnusedDefinitionsPass: Removed service "db002ca1205772622f5b01d0ca9cd7495c09272e3274fe4b713df8e9c55f131d_1"; reason: unused.
Symfony\Component\DependencyInjection\Compiler\RemoveUnusedDefinitionsPass: Removed service "cache.validator"; reason: unused.
Symfony\Component\DependencyInjection\Compiler\RemoveUnusedDefinitionsPass: Removed service "cache.serializer"; reason: unused.
Symfony\Component\DependencyInjection\Compiler\RemoveUnusedDefinitionsPass: Removed service "translator.logging"; reason: unused.
Symfony\Component\DependencyInjection\Compiler\RemoveUnusedDefinitionsPass: Removed service "translation.warmer"; reason: unused.
Symfony\Component\DependencyInjection\Compiler\RemoveUnusedDefinitionsPass: Removed service "profiler.storage"; reason: unused.
Symfony\Component\DependencyInjection\Compiler\RemoveUnusedDefinitionsPass: Removed service "data_collector.config"; reason: unused.
Symfony\Component\DependencyInjection\Compiler\RemoveUnusedDefinitionsPass: Removed service "data_collector.ajax"; reason: unused.
Symfony\Component\DependencyInjection\Compiler\RemoveUnusedDefinitionsPass: Removed service "data_collector.exception"; reason: unused.
Symfony\Component\DependencyInjection\Compiler\RemoveUnusedDefinitionsPass: Removed service "data_collector.events"; reason: unused.
Symfony\Component\DependencyInjection\Compiler\RemoveUnusedDefinitionsPass: Removed service "data_collector.logger"; reason: unused.
Symfony\Component\DependencyInjection\Compiler\RemoveUnusedDefinitionsPass: Removed service "data_collector.time"; reason: unused.
Symfony\Component\DependencyInjection\Compiler\RemoveUnusedDefinitionsPass: Removed service "data_collector.memory"; reason: unused.
Symfony\Component\DependencyInjection\Compiler\RemoveUnusedDefinitionsPass: Removed service "c66c8daa4fa4dead6a562ed2c4bdb322"; reason: unused.
Symfony\Component\DependencyInjection\Compiler\RemoveUnusedDefinitionsPass: Removed service "cache.property_access"; reason: unused.
Symfony\Component\DependencyInjection\Compiler\RemoveUnusedDefinitionsPass: Removed service "debug.event_dispatcher.parent"; reason: unused.
Symfony\Component\DependencyInjection\Compiler\RemoveUnusedDefinitionsPass: Removed service "routing.resolver"; reason: unused.
Symfony\Component\DependencyInjection\Compiler\RemoveUnusedDefinitionsPass: Removed service "routing.loader.xml"; reason: unused.
Symfony\Component\DependencyInjection\Compiler\RemoveUnusedDefinitionsPass: Removed service "routing.loader.yml"; reason: unused.
Symfony\Component\DependencyInjection\Compiler\RemoveUnusedDefinitionsPass: Removed service "routing.loader.php"; reason: unused.
Symfony\Component\DependencyInjection\Compiler\RemoveUnusedDefinitionsPass: Removed service "routing.loader.directory"; reason: unused.
Symfony\Component\DependencyInjection\Compiler\RemoveUnusedDefinitionsPass: Removed service "routing.loader.service"; reason: unused.
Symfony\Component\DependencyInjection\Compiler\RemoveUnusedDefinitionsPass: Removed service "router.cache_warmer"; reason: unused.
Symfony\Component\DependencyInjection\Compiler\RemoveUnusedDefinitionsPass: Removed service "7d849f71e29d20c90e2062e8fc2433de2e650c83640c027f128c0d9176184a14_2"; reason: unused.
Symfony\Component\DependencyInjection\Compiler\RemoveUnusedDefinitionsPass: Removed service "7d849f71e29d20c90e2062e8fc2433de2e650c83640c027f128c0d9176184a14_1"; reason: unused.
Symfony\Component\DependencyInjection\Compiler\RemoveUnusedDefinitionsPass: Removed service "annotations.filesystem_cache"; reason: unused.
Symfony\Component\DependencyInjection\Compiler\RemoveUnusedDefinitionsPass: Removed service "annotations.cache_warmer"; reason: unused.
Symfony\Component\DependencyInjection\Compiler\RemoveUnusedDefinitionsPass: Removed service "annotations.cache"; reason: unused.
Symfony\Component\DependencyInjection\Compiler\RemoveUnusedDefinitionsPass: Removed service "twig.app_variable"; reason: unused.
Symfony\Component\DependencyInjection\Compiler\RemoveUnusedDefinitionsPass: Removed service "twig.cache_warmer"; reason: unused.
Symfony\Component\DependencyInjection\Compiler\RemoveUnusedDefinitionsPass: Removed service "twig.template_iterator"; reason: unused.
Symfony\Component\DependencyInjection\Compiler\RemoveUnusedDefinitionsPass: Removed service "twig.template_cache_warmer"; reason: unused.
Symfony\Component\DependencyInjection\Compiler\RemoveUnusedDefinitionsPass: Removed service "twig.loader.chain"; reason: unused.
Symfony\Component\DependencyInjection\Compiler\RemoveUnusedDefinitionsPass: Removed service "twig.extension.profiler"; reason: unused.
Symfony\Component\DependencyInjection\Compiler\RemoveUnusedDefinitionsPass: Removed service "data_collector.twig"; reason: unused.
Symfony\Component\DependencyInjection\Compiler\RemoveUnusedDefinitionsPass: Removed service "twig.extension.trans"; reason: unused.
Symfony\Component\DependencyInjection\Compiler\RemoveUnusedDefinitionsPass: Removed service "twig.extension.assets"; reason: unused.
Symfony\Component\DependencyInjection\Compiler\RemoveUnusedDefinitionsPass: Removed service "twig.extension.code"; reason: unused.
Symfony\Component\DependencyInjection\Compiler\RemoveUnusedDefinitionsPass: Removed service "twig.extension.routing"; reason: unused.
Symfony\Component\DependencyInjection\Compiler\RemoveUnusedDefinitionsPass: Removed service "twig.extension.yaml"; reason: unused.
Symfony\Component\DependencyInjection\Compiler\RemoveUnusedDefinitionsPass: Removed service "twig.extension.debug.stopwatch"; reason: unused.
Symfony\Component\DependencyInjection\Compiler\RemoveUnusedDefinitionsPass: Removed service "twig.extension.expression"; reason: unused.
Symfony\Component\DependencyInjection\Compiler\RemoveUnusedDefinitionsPass: Removed service "twig.extension.httpkernel"; reason: unused.
Symfony\Component\DependencyInjection\Compiler\RemoveUnusedDefinitionsPass: Removed service "twig.extension.httpfoundation"; reason: unused.
Symfony\Component\DependencyInjection\Compiler\RemoveUnusedDefinitionsPass: Removed service "twig.extension.debug"; reason: unused.
Symfony\Component\DependencyInjection\Compiler\RemoveUnusedDefinitionsPass: Removed service "twig.configurator.environment"; reason: unused.
Symfony\Component\DependencyInjection\Compiler\RemoveUnusedDefinitionsPass: Removed service "twig.runtime_loader"; reason: unused.
Symfony\Component\DependencyInjection\Compiler\RemoveUnusedDefinitionsPass: Removed service "twig.extension.form"; reason: unused.
Symfony\Component\DependencyInjection\Compiler\RemoveUnusedDefinitionsPass: Removed service "twig.form.engine"; reason: unused.
Symfony\Component\DependencyInjection\Compiler\RemoveUnusedDefinitionsPass: Removed service "templating.engine.twig"; reason: unused.
Symfony\Component\DependencyInjection\Compiler\RemoveUnusedDefinitionsPass: Removed service "monolog.formatter.chrome_php"; reason: unused.
Symfony\Component\DependencyInjection\Compiler\RemoveUnusedDefinitionsPass: Removed service "monolog.formatter.gelf_message"; reason: unused.
Symfony\Component\DependencyInjection\Compiler\RemoveUnusedDefinitionsPass: Removed service "monolog.formatter.html"; reason: unused.
Symfony\Component\DependencyInjection\Compiler\RemoveUnusedDefinitionsPass: Removed service "monolog.formatter.json"; reason: unused.
Symfony\Component\DependencyInjection\Compiler\RemoveUnusedDefinitionsPass: Removed service "monolog.formatter.line"; reason: unused.
Symfony\Component\DependencyInjection\Compiler\RemoveUnusedDefinitionsPass: Removed service "monolog.formatter.loggly"; reason: unused.
Symfony\Component\DependencyInjection\Compiler\RemoveUnusedDefinitionsPass: Removed service "monolog.formatter.normalizer"; reason: unused.
Symfony\Component\DependencyInjection\Compiler\RemoveUnusedDefinitionsPass: Removed service "monolog.formatter.scalar"; reason: unused.
Symfony\Component\DependencyInjection\Compiler\RemoveUnusedDefinitionsPass: Removed service "monolog.formatter.wildfire"; reason: unused.
Symfony\Component\DependencyInjection\Compiler\RemoveUnusedDefinitionsPass: Removed service "monolog.formatter.logstash"; reason: unused.
Symfony\Component\DependencyInjection\Compiler\RemoveUnusedDefinitionsPass: Removed service "e53d8974f28f137b5b7a34af3fa877bd836a4fb8c6b5f34d5c309750061a8103_3"; reason: unused.
Symfony\Component\DependencyInjection\Compiler\RemoveUnusedDefinitionsPass: Removed service "e53d8974f28f137b5b7a34af3fa877bd836a4fb8c6b5f34d5c309750061a8103_2"; reason: unused.
Symfony\Component\DependencyInjection\Compiler\RemoveUnusedDefinitionsPass: Removed service "e53d8974f28f137b5b7a34af3fa877bd836a4fb8c6b5f34d5c309750061a8103_1"; reason: unused.
Symfony\Component\DependencyInjection\Compiler\RemoveUnusedDefinitionsPass: Removed service "swiftmailer.transport.failover"; reason: unused.
Symfony\Component\DependencyInjection\Compiler\RemoveUnusedDefinitionsPass: Removed service "swiftmailer.transport.mailinvoker"; reason: unused.
Symfony\Component\DependencyInjection\Compiler\RemoveUnusedDefinitionsPass: Removed service "swiftmailer.transport.replacementfactory"; reason: unused.
Symfony\Component\DependencyInjection\Compiler\RemoveUnusedDefinitionsPass: Removed service "swiftmailer.data_collector"; reason: unused.
Symfony\Component\DependencyInjection\Compiler\RemoveUnusedDefinitionsPass: Removed service "swiftmailer.mailer.default.transport.eventdispatcher"; reason: unused.
Symfony\Component\DependencyInjection\Compiler\RemoveUnusedDefinitionsPass: Removed service "swiftmailer.mailer.default.transport.authhandler"; reason: unused.
Symfony\Component\DependencyInjection\Compiler\RemoveUnusedDefinitionsPass: Removed service "swiftmailer.mailer.default.transport.buffer"; reason: unused.
Symfony\Component\DependencyInjection\Compiler\RemoveUnusedDefinitionsPass: Removed service "swiftmailer.transport.configurator.default"; reason: unused.
Symfony\Component\DependencyInjection\Compiler\RemoveUnusedDefinitionsPass: Removed service "twig.extension.dump"; reason: unused.
Symfony\Component\DependencyInjection\Compiler\RemoveUnusedDefinitionsPass: Removed service "var_dumper.html_dumper"; reason: unused.
Symfony\Component\DependencyInjection\Compiler\RemoveUnusedDefinitionsPass: Removed service "ec29b8552f8353e0aeb9d98aac31f4e6460d4db92b1f0b481af15c790f4107d0_2"; reason: unused.
Symfony\Component\DependencyInjection\Compiler\RemoveUnusedDefinitionsPass: Removed service "ec29b8552f8353e0aeb9d98aac31f4e6460d4db92b1f0b481af15c790f4107d0_1"; reason: unused.
Symfony\Component\DependencyInjection\Compiler\RemoveUnusedDefinitionsPass: Removed service "twig.extension.webprofiler"; reason: unused.
Symfony\Component\DependencyInjection\Compiler\RemoveUnusedDefinitionsPass: Removed service "debug.controller_resolver.inner"; reason: unused.
Symfony\Component\DependencyInjection\Compiler\RemoveUnusedDefinitionsPass: Removed service "debug.argument_resolver.inner"; reason: unused.
Symfony\Bundle\FrameworkBundle\DependencyInjection\Compiler\UnusedTagsPass: Tag "annotations.cached_reader" was defined on service(s) "annotation_reader", but was never used.